Using pre-set license
Built from '2020.3/china_unity/release' branch; Version is '2020.3.8f1c1 (0b92326fa640) revision 758322'; Using compiler version '192528614'; Build Type 'Release'
OS: 'Windows 10 Home China; OS build 19042.1237; Version 2009; 64bit' Language: 'zh' Physical Memory: 15792 MB
BatchMode: 1, IsHumanControllingUs: 0, StartBugReporterOnCrash: 0, Is64bit: 1, IsPro: 0

 COMMAND LINE ARGUMENTS:
D:\Unity\Editor\Unity.exe
-adb2
-batchMode
-noUpm
-name
AssetImportWorker0
-projectPath
E:/Projects/CommonFrameWork4
-logFile
Logs/AssetImportWorker0.log
-srvPort
2330
Successfully changed project path to: E:/Projects/CommonFrameWork4
E:/Projects/CommonFrameWork4
Using Asset Import Pipeline V2.
Refreshing native plugins compatible for Editor in 26.50 ms, found 1 plugins.
Preloading 0 native plugins for Editor in 0.00 ms.
Initialize engine version: 2020.3.8f1c1 (0b92326fa640)
[Subsystems] Discovering subsystems at path D:/Unity/Editor/Data/Resources/UnitySubsystems
[Subsystems] Discovering subsystems at path E:/Projects/CommonFrameWork4/Assets
GfxDevice: creating device client; threaded=0
Direct3D:
    Version:  Direct3D 11.0 [level 11.1]
    Renderer: NVIDIA GeForce RTX 3060 Laptop GPU (ID=0x2520)
    Vendor:   
    VRAM:     6023 MB
    Driver:   27.21.14.6235
Initialize mono
Mono path[0] = 'D:/Unity/Editor/Data/Managed'
Mono path[1] = 'D:/Unity/Editor/Data/MonoBleedingEdge/lib/mono/unityjit'
Mono config path = 'D:/Unity/Editor/Data/MonoBleedingEdge/etc'
Using monoOptions --debugger-agent=transport=dt_socket,embedding=1,server=y,suspend=n,address=127.0.0.1:56988
Begin MonoManager ReloadAssembly
Registering precompiled unity dll's ...
Register platform support module: D:/Unity/Editor/Data/PlaybackEngines/WindowsStandaloneSupport/UnityEditor.WindowsStandalone.Extensions.dll
Registered in 0.001918 seconds.
Native extension for WindowsStandalone target not found
Refreshing native plugins compatible for Editor in 26.94 ms, found 1 plugins.
Preloading 0 native plugins for Editor in 0.00 ms.
Mono: successfully reloaded assembly
- Completed reload, in  0.544 seconds
Platform modules already initialized, skipping
Registering precompiled user dll's ...
Registered in 0.003331 seconds.
Begin MonoManager ReloadAssembly
Native extension for WindowsStandalone target not found
Refreshing native plugins compatible for Editor in 25.84 ms, found 1 plugins.
Preloading 0 native plugins for Editor in 0.00 ms.
Mono: successfully reloaded assembly
- Completed reload, in  0.680 seconds
Platform modules already initialized, skipping
========================================================================
Worker process is ready to serve import requests
Launched and connected shader compiler UnityShaderCompiler.exe after 0.07 seconds
Refreshing native plugins compatible for Editor in 0.39 ms, found 1 plugins.
Preloading 0 native plugins for Editor in 0.00 ms.
Unloading 1827 Unused Serialized files (Serialized files now loaded: 0)
System memory in use before: 85.5 MB.
System memory in use after: 85.6 MB.

Unloading 25 unused Assets to reduce memory usage. Loaded Objects now: 2282.
Total: 1.808200 ms (FindLiveObjects: 0.175000 ms CreateObjectMapping: 0.042400 ms MarkObjects: 1.534100 ms  DeleteObjects: 0.055700 ms)

========================================================================
Received Import Request.
  path: Assets/Scripts
  artifactKey: Guid(2fc6ee10dde8e134d8b923298383d3a5) Importer(815301076,1909f56bfc062723c751e8b465ee728b)
Start importing Assets/Scripts using Guid(2fc6ee10dde8e134d8b923298383d3a5) Importer(815301076,1909f56bfc062723c751e8b465ee728b)  -> (artifact id: '4ac3327703ee25a17f6ef3ed99c6f3b9') in 0.004649 seconds
  Import took 0.006788 seconds .

========================================================================
Received Import Request.
  Time since last request: 0.000164 seconds.
  path: Assets/Excel
  artifactKey: Guid(3c7ad41418f0fcf4a8f7723adcd7a9af) Importer(815301076,1909f56bfc062723c751e8b465ee728b)
Start importing Assets/Excel using Guid(3c7ad41418f0fcf4a8f7723adcd7a9af) Importer(815301076,1909f56bfc062723c751e8b465ee728b)  -> (artifact id: 'b6018f445b7b17380caf8b81cc91ac91') in 0.002171 seconds
  Import took 0.004108 seconds .

========================================================================
Received Import Request.
  Time since last request: 0.000391 seconds.
  path: Assets/GameRes
  artifactKey: Guid(9a25f4170821d204d909fb6cf01c93f0) Importer(815301076,1909f56bfc062723c751e8b465ee728b)
Start importing Assets/GameRes using Guid(9a25f4170821d204d909fb6cf01c93f0) Importer(815301076,1909f56bfc062723c751e8b465ee728b)  -> (artifact id: '32d5907f7c2f49653f50013bde4f51ad') in 0.003026 seconds
  Import took 0.005568 seconds .

========================================================================
Received Import Request.
  Time since last request: 0.287727 seconds.
  path: Assets/Scenes
  artifactKey: Guid(2823a374555cc6042b7dd7ac58ca2ad0) Importer(815301076,1909f56bfc062723c751e8b465ee728b)
Start importing Assets/Scenes using Guid(2823a374555cc6042b7dd7ac58ca2ad0) Importer(815301076,1909f56bfc062723c751e8b465ee728b)  -> (artifact id: 'f62300eecf5ef17d7d060427534996c1') in 0.002793 seconds
  Import took 0.005495 seconds .

========================================================================
Received Prepare
Registering precompiled user dll's ...
Registered in 0.004254 seconds.
Begin MonoManager ReloadAssembly
Native extension for WindowsStandalone target not found
Refreshing native plugins compatible for Editor in 0.44 ms, found 1 plugins.
Preloading 0 native plugins for Editor in 0.00 ms.
Mono: successfully reloaded assembly
- Completed reload, in  0.649 seconds
Platform modules already initialized, skipping
Refreshing native plugins compatible for Editor in 0.38 ms, found 1 plugins.
Preloading 0 native plugins for Editor in 0.00 ms.
Unloading 1909 Unused Serialized files (Serialized files now loaded: 0)
System memory in use before: 87.6 MB.
System memory in use after: 87.7 MB.

Unloading 16 unused Assets to reduce memory usage. Loaded Objects now: 2375.
Total: 1.682400 ms (FindLiveObjects: 0.167500 ms CreateObjectMapping: 0.045400 ms MarkObjects: 1.451600 ms  DeleteObjects: 0.017100 ms)

========================================================================
Received Prepare
Registering precompiled user dll's ...
Registered in 0.004011 seconds.
Begin MonoManager ReloadAssembly
Native extension for WindowsStandalone target not found
Refreshing native plugins compatible for Editor in 0.42 ms, found 1 plugins.
Preloading 0 native plugins for Editor in 0.00 ms.
Mono: successfully reloaded assembly
- Completed reload, in  0.659 seconds
Platform modules already initialized, skipping
Refreshing native plugins compatible for Editor in 0.38 ms, found 1 plugins.
Preloading 0 native plugins for Editor in 0.00 ms.
Unloading 1909 Unused Serialized files (Serialized files now loaded: 0)
System memory in use before: 87.7 MB.
System memory in use after: 87.8 MB.

Unloading 16 unused Assets to reduce memory usage. Loaded Objects now: 2379.
Total: 1.697000 ms (FindLiveObjects: 0.156700 ms CreateObjectMapping: 0.039400 ms MarkObjects: 1.480700 ms  DeleteObjects: 0.019300 ms)

AssetImportWorkerClient::OnTransportError - code=2 error=End of file
